This is pdfTeX, Version 3.14159265-2.6-1.40.16 (TeX Live 2015) (preloaded format=pdflatex 2015.5.24)  4 DEC 2015 13:57
entering extended mode
 restricted \write18 enabled.
 file:line:error style messages enabled.
 %&-line parsing enabled.
**thesis.tex
(./thesis.tex
LaTeX2e <2015/01/01>
Babel <3.9l> and hyphenation patterns for 79 languages loaded.
(./uncw_thesis.cls

LaTeX Warning: You have requested document class `uncw_thesis',
               but the document class provides `article'.

Document Class: article 1999/09/10 v1.4a Standard LaTeX document class
(/usr/local/texlive/2015/texmf-dist/tex/latex/base/size12.clo
File: size12.clo 2014/09/29 v1.4h Standard LaTeX file (size option)
)
\c@part=\count79
\c@section=\count80
\c@subsection=\count81
\c@subsubsection=\count82
\c@paragraph=\count83
\c@subparagraph=\count84
\c@figure=\count85
\c@table=\count86
\abovecaptionskip=\skip41
\belowcaptionskip=\skip42
\bibindent=\dimen102
)
(/usr/local/texlive/2015/texmf-dist/tex/latex/geometry/geometry.sty
Package: geometry 2010/09/12 v5.6 Page Geometry

(/usr/local/texlive/2015/texmf-dist/tex/latex/graphics/keyval.sty
Package: keyval 2014/10/28 v1.15 key=value parser (DPC)
\KV@toks@=\toks14
)
(/usr/local/texlive/2015/texmf-dist/tex/generic/oberdiek/ifpdf.sty
Package: ifpdf 2011/01/30 v2.3 Provides the ifpdf switch (HO)
Package ifpdf Info: pdfTeX in PDF mode is detected.
)
(/usr/local/texlive/2015/texmf-dist/tex/generic/oberdiek/ifvtex.sty
Package: ifvtex 2010/03/01 v1.5 Detect VTeX and its facilities (HO)
Package ifvtex Info: VTeX not detected.
)
(/usr/local/texlive/2015/texmf-dist/tex/generic/ifxetex/ifxetex.sty
Package: ifxetex 2010/09/12 v0.6 Provides ifxetex conditional
)
\Gm@cnth=\count87
\Gm@cntv=\count88
\c@Gm@tempcnt=\count89
\Gm@bindingoffset=\dimen103
\Gm@wd@mp=\dimen104
\Gm@odd@mp=\dimen105
\Gm@even@mp=\dimen106
\Gm@layoutwidth=\dimen107
\Gm@layoutheight=\dimen108
\Gm@layouthoffset=\dimen109
\Gm@layoutvoffset=\dimen110
\Gm@dimlist=\toks15
)
(/usr/local/texlive/2015/texmf-dist/tex/latex/cite/cite.sty
LaTeX Info: Redefining \cite on input line 302.
LaTeX Info: Redefining \nocite on input line 332.
Package: cite 2015/02/27  v 5.5
)
(/usr/local/texlive/2015/texmf-dist/tex/latex/amsmath/amsmath.sty
Package: amsmath 2013/01/14 v2.14 AMS math features
\@mathmargin=\skip43

For additional information on amsmath, use the `?' option.
(/usr/local/texlive/2015/texmf-dist/tex/latex/amsmath/amstext.sty
Package: amstext 2000/06/29 v2.01

(/usr/local/texlive/2015/texmf-dist/tex/latex/amsmath/amsgen.sty
File: amsgen.sty 1999/11/30 v2.0
\@emptytoks=\toks16
\ex@=\dimen111
))
(/usr/local/texlive/2015/texmf-dist/tex/latex/amsmath/amsbsy.sty
Package: amsbsy 1999/11/29 v1.2d
\pmbraise@=\dimen112
)
(/usr/local/texlive/2015/texmf-dist/tex/latex/amsmath/amsopn.sty
Package: amsopn 1999/12/14 v2.01 operator names
)
\inf@bad=\count90
LaTeX Info: Redefining \frac on input line 210.
\uproot@=\count91
\leftroot@=\count92
LaTeX Info: Redefining \overline on input line 306.
\classnum@=\count93
\DOTSCASE@=\count94
LaTeX Info: Redefining \ldots on input line 378.
LaTeX Info: Redefining \dots on input line 381.
LaTeX Info: Redefining \cdots on input line 466.
\Mathstrutbox@=\box26
\strutbox@=\box27
\big@size=\dimen113
LaTeX Font Info:    Redeclaring font encoding OML on input line 566.
LaTeX Font Info:    Redeclaring font encoding OMS on input line 567.
\macc@depth=\count95
\c@MaxMatrixCols=\count96
\dotsspace@=\muskip10
\c@parentequation=\count97
\dspbrk@lvl=\count98
\tag@help=\toks17
\row@=\count99
\column@=\count100
\maxfields@=\count101
\andhelp@=\toks18
\eqnshift@=\dimen114
\alignsep@=\dimen115
\tagshift@=\dimen116
\tagwidth@=\dimen117
\totwidth@=\dimen118
\lineht@=\dimen119
\@envbody=\toks19
\multlinegap=\skip44
\multlinetaggap=\skip45
\mathdisplay@stack=\toks20
LaTeX Info: Redefining \[ on input line 2665.
LaTeX Info: Redefining \] on input line 2666.
)
(/usr/local/texlive/2015/texmf-dist/tex/latex/amsfonts/amssymb.sty
Package: amssymb 2013/01/14 v3.01 AMS font symbols

(/usr/local/texlive/2015/texmf-dist/tex/latex/amsfonts/amsfonts.sty
Package: amsfonts 2013/01/14 v3.01 Basic AMSFonts support
\symAMSa=\mathgroup4
\symAMSb=\mathgroup5
LaTeX Font Info:    Overwriting math alphabet `\mathfrak' in version `bold'
(Font)                  U/euf/m/n --> U/euf/b/n on input line 106.
))
(/usr/local/texlive/2015/texmf-dist/tex/latex/amscls/amsthm.sty
Package: amsthm 2015/03/04 v2.20.2
\thm@style=\toks21
\thm@bodyfont=\toks22
\thm@headfont=\toks23
\thm@notefont=\toks24
\thm@headpunct=\toks25
\thm@preskip=\skip46
\thm@postskip=\skip47
\thm@headsep=\skip48
\dth@everypar=\toks26
)
(./setspace.sty
Package: setspace 2000/12/01 6.7 Contributed and Supported LaTeX2e package

Package: `setspace' 6.7 <2000/12/01>
) (/usr/local/texlive/2015/texmf-dist/tex/latex/graphics/graphicx.sty
Package: graphicx 2014/10/28 v1.0g Enhanced LaTeX Graphics (DPC,SPQR)

(/usr/local/texlive/2015/texmf-dist/tex/latex/graphics/graphics.sty
Package: graphics 2014/10/28 v1.0p Standard LaTeX Graphics (DPC,SPQR)

(/usr/local/texlive/2015/texmf-dist/tex/latex/graphics/trig.sty
Package: trig 1999/03/16 v1.09 sin cos tan (DPC)
)
(/usr/local/texlive/2015/texmf-dist/tex/latex/latexconfig/graphics.cfg
File: graphics.cfg 2010/04/23 v1.9 graphics configuration of TeX Live
)
Package graphics Info: Driver file: pdftex.def on input line 94.

(/usr/local/texlive/2015/texmf-dist/tex/latex/pdftex-def/pdftex.def
File: pdftex.def 2011/05/27 v0.06d Graphics/color for pdfTeX

(/usr/local/texlive/2015/texmf-dist/tex/generic/oberdiek/infwarerr.sty
Package: infwarerr 2010/04/08 v1.3 Providing info/warning/error messages (HO)
)
(/usr/local/texlive/2015/texmf-dist/tex/generic/oberdiek/ltxcmds.sty
Package: ltxcmds 2011/11/09 v1.22 LaTeX kernel commands for general use (HO)
)
\Gread@gobject=\count102
))
\Gin@req@height=\dimen120
\Gin@req@width=\dimen121
)
(/usr/local/texlive/2015/texmf-dist/tex/latex/tools/afterpage.sty
Package: afterpage 2014/10/28 v1.08 After-Page Package (DPC)
\AP@output=\toks27
\AP@partial=\box28
\AP@footins=\box29
)
(/usr/local/texlive/2015/texmf-dist/tex/generic/epsf/epsf.tex
This is `epsf.tex' v2.7.4 <14 February 2011>
\epsffilein=\read1
\epsfframemargin=\dimen122
\epsfframethickness=\dimen123
\epsfrsize=\dimen124
\epsftmp=\dimen125
\epsftsize=\dimen126
\epsfxsize=\dimen127
\epsfysize=\dimen128
\pspoints=\dimen129
) (./indentfirst.sty)
(/usr/local/texlive/2015/texmf-dist/tex/latex/hyperref/hyperref.sty
Package: hyperref 2012/11/06 v6.83m Hypertext links for LaTeX

(/usr/local/texlive/2015/texmf-dist/tex/generic/oberdiek/hobsub-hyperref.sty
Package: hobsub-hyperref 2012/05/28 v1.13 Bundle oberdiek, subset hyperref (HO)


(/usr/local/texlive/2015/texmf-dist/tex/generic/oberdiek/hobsub-generic.sty
Package: hobsub-generic 2012/05/28 v1.13 Bundle oberdiek, subset generic (HO)
Package: hobsub 2012/05/28 v1.13 Construct package bundles (HO)
Package hobsub Info: Skipping package `infwarerr' (already loaded).
Package hobsub Info: Skipping package `ltxcmds' (already loaded).
Package: ifluatex 2010/03/01 v1.3 Provides the ifluatex switch (HO)
Package ifluatex Info: LuaTeX not detected.
Package hobsub Info: Skipping package `ifvtex' (already loaded).
Package: intcalc 2007/09/27 v1.1 Expandable calculations with integers (HO)
Package hobsub Info: Skipping package `ifpdf' (already loaded).
Package: etexcmds 2011/02/16 v1.5 Avoid name clashes with e-TeX commands (HO)
Package etexcmds Info: Could not find \expanded.
(etexcmds)             That can mean that you are not using pdfTeX 1.50 or
(etexcmds)             that some package has redefined \expanded.
(etexcmds)             In the latter case, load this package earlier.
Package: kvsetkeys 2012/04/25 v1.16 Key value parser (HO)
Package: kvdefinekeys 2011/04/07 v1.3 Define keys (HO)
Package: pdftexcmds 2011/11/29 v0.20 Utility functions of pdfTeX for LuaTeX (HO
)
Package pdftexcmds Info: LuaTeX not detected.
Package pdftexcmds Info: \pdf@primitive is available.
Package pdftexcmds Info: \pdf@ifprimitive is available.
Package pdftexcmds Info: \pdfdraftmode found.
Package: pdfescape 2011/11/25 v1.13 Implements pdfTeX's escape features (HO)
Package: bigintcalc 2012/04/08 v1.3 Expandable calculations on big integers (HO
)
Package: bitset 2011/01/30 v1.1 Handle bit-vector datatype (HO)
Package: uniquecounter 2011/01/30 v1.2 Provide unlimited unique counter (HO)
)
Package hobsub Info: Skipping package `hobsub' (already loaded).
Package: letltxmacro 2010/09/02 v1.4 Let assignment for LaTeX macros (HO)
Package: hopatch 2012/05/28 v1.2 Wrapper for package hooks (HO)
Package: xcolor-patch 2011/01/30 xcolor patch
Package: atveryend 2011/06/30 v1.8 Hooks at the very end of document (HO)
Package atveryend Info: \AP@enddocument detected (standard20110627).
Package: atbegshi 2011/10/05 v1.16 At begin shipout hook (HO)
Package: refcount 2011/10/16 v3.4 Data extraction from label references (HO)
Package: hycolor 2011/01/30 v1.7 Color options for hyperref/bookmark (HO)
)
(/usr/local/texlive/2015/texmf-dist/tex/latex/oberdiek/auxhook.sty
Package: auxhook 2011/03/04 v1.3 Hooks for auxiliary files (HO)
)
(/usr/local/texlive/2015/texmf-dist/tex/latex/oberdiek/kvoptions.sty
Package: kvoptions 2011/06/30 v3.11 Key value format for package options (HO)
)
\@linkdim=\dimen130
\Hy@linkcounter=\count103
\Hy@pagecounter=\count104

(/usr/local/texlive/2015/texmf-dist/tex/latex/hyperref/pd1enc.def
File: pd1enc.def 2012/11/06 v6.83m Hyperref: PDFDocEncoding definition (HO)
)
\Hy@SavedSpaceFactor=\count105

(/usr/local/texlive/2015/texmf-dist/tex/latex/latexconfig/hyperref.cfg
File: hyperref.cfg 2002/06/06 v1.2 hyperref configuration of TeXLive
)
Package hyperref Info: Hyper figures OFF on input line 4443.
Package hyperref Info: Link nesting OFF on input line 4448.
Package hyperref Info: Hyper index ON on input line 4451.
Package hyperref Info: Plain pages OFF on input line 4458.
Package hyperref Info: Backreferencing OFF on input line 4463.
Package hyperref Info: Implicit mode ON; LaTeX internals redefined.
Package hyperref Info: Bookmarks ON on input line 4688.
\c@Hy@tempcnt=\count106

(/usr/local/texlive/2015/texmf-dist/tex/latex/url/url.sty
\Urlmuskip=\muskip11
Package: url 2013/09/16  ver 3.4  Verb mode for urls, etc.
)
LaTeX Info: Redefining \url on input line 5041.
\XeTeXLinkMargin=\dimen131
\Fld@menulength=\count107
\Field@Width=\dimen132
\Fld@charsize=\dimen133
Package hyperref Info: Hyper figures OFF on input line 6295.
Package hyperref Info: Link nesting OFF on input line 6300.
Package hyperref Info: Hyper index ON on input line 6303.
Package hyperref Info: backreferencing OFF on input line 6310.
Package hyperref Info: Link coloring OFF on input line 6315.
Package hyperref Info: Link coloring with OCG OFF on input line 6320.
Package hyperref Info: PDF/A mode OFF on input line 6325.
LaTeX Info: Redefining \ref on input line 6365.
LaTeX Info: Redefining \pageref on input line 6369.
\Hy@abspage=\count108
\c@Item=\count109
\c@Hfootnote=\count110
)

Package hyperref Message: Driver (autodetected): hpdftex.

(/usr/local/texlive/2015/texmf-dist/tex/latex/hyperref/hpdftex.def
File: hpdftex.def 2012/11/06 v6.83m Hyperref driver for pdfTeX
\Fld@listcount=\count111
\c@bookmark@seq@number=\count112

(/usr/local/texlive/2015/texmf-dist/tex/latex/oberdiek/rerunfilecheck.sty
Package: rerunfilecheck 2011/04/15 v1.7 Rerun checks for auxiliary files (HO)
Package uniquecounter Info: New unique counter `rerunfilecheck' on input line 2
82.
)
\Hy@SectionHShift=\skip49
)
(/usr/local/texlive/2015/texmf-dist/tex/latex/pgf/frontendlayer/tikz.sty
(/usr/local/texlive/2015/texmf-dist/tex/latex/pgf/basiclayer/pgf.sty
(/usr/local/texlive/2015/texmf-dist/tex/latex/pgf/utilities/pgfrcs.sty
(/usr/local/texlive/2015/texmf-dist/tex/generic/pgf/utilities/pgfutil-common.te
x
\pgfutil@everybye=\toks28
\pgfutil@tempdima=\dimen134
\pgfutil@tempdimb=\dimen135

(/usr/local/texlive/2015/texmf-dist/tex/generic/pgf/utilities/pgfutil-common-li
sts.tex))
(/usr/local/texlive/2015/texmf-dist/tex/generic/pgf/utilities/pgfutil-latex.def
\pgfutil@abb=\box30
(/usr/local/texlive/2015/texmf-dist/tex/latex/ms/everyshi.sty
Package: everyshi 2001/05/15 v3.00 EveryShipout Package (MS)
))
(/usr/local/texlive/2015/texmf-dist/tex/generic/pgf/utilities/pgfrcs.code.tex
Package: pgfrcs 2013/12/20 v3.0.0 (rcs-revision 1.28)
))
Package: pgf 2013/12/18 v3.0.0 (rcs-revision 1.14)
(/usr/local/texlive/2015/texmf-dist/tex/latex/pgf/basiclayer/pgfcore.sty
(/usr/local/texlive/2015/texmf-dist/tex/latex/pgf/systemlayer/pgfsys.sty
(/usr/local/texlive/2015/texmf-dist/tex/generic/pgf/systemlayer/pgfsys.code.tex
Package: pgfsys 2013/11/30 v3.0.0 (rcs-revision 1.47)
(/usr/local/texlive/2015/texmf-dist/tex/generic/pgf/utilities/pgfkeys.code.tex
\pgfkeys@pathtoks=\toks29
\pgfkeys@temptoks=\toks30

(/usr/local/texlive/2015/texmf-dist/tex/generic/pgf/utilities/pgfkeysfiltered.c
ode.tex
\pgfkeys@tmptoks=\toks31
))
\pgf@x=\dimen136
\pgf@y=\dimen137
\pgf@xa=\dimen138
\pgf@ya=\dimen139
\pgf@xb=\dimen140
\pgf@yb=\dimen141
\pgf@xc=\dimen142
\pgf@yc=\dimen143
\w@pgf@writea=\write3
\r@pgf@reada=\read2
\c@pgf@counta=\count113
\c@pgf@countb=\count114
\c@pgf@countc=\count115
\c@pgf@countd=\count116
\t@pgf@toka=\toks32
\t@pgf@tokb=\toks33
\t@pgf@tokc=\toks34

(/usr/local/texlive/2015/texmf-dist/tex/generic/pgf/systemlayer/pgf.cfg
File: pgf.cfg 2008/05/14  (rcs-revision 1.7)
)
Driver file for pgf: pgfsys-pdftex.def

(/usr/local/texlive/2015/texmf-dist/tex/generic/pgf/systemlayer/pgfsys-pdftex.d
ef
File: pgfsys-pdftex.def 2013/07/18  (rcs-revision 1.33)

(/usr/local/texlive/2015/texmf-dist/tex/generic/pgf/systemlayer/pgfsys-common-p
df.def
File: pgfsys-common-pdf.def 2013/10/10  (rcs-revision 1.13)
)))
(/usr/local/texlive/2015/texmf-dist/tex/generic/pgf/systemlayer/pgfsyssoftpath.
code.tex
File: pgfsyssoftpath.code.tex 2013/09/09  (rcs-revision 1.9)
\pgfsyssoftpath@smallbuffer@items=\count117
\pgfsyssoftpath@bigbuffer@items=\count118
)
(/usr/local/texlive/2015/texmf-dist/tex/generic/pgf/systemlayer/pgfsysprotocol.
code.tex
File: pgfsysprotocol.code.tex 2006/10/16  (rcs-revision 1.4)
)) (/usr/local/texlive/2015/texmf-dist/tex/latex/xcolor/xcolor.sty
Package: xcolor 2007/01/21 v2.11 LaTeX color extensions (UK)

(/usr/local/texlive/2015/texmf-dist/tex/latex/latexconfig/color.cfg
File: color.cfg 2007/01/18 v1.5 color configuration of teTeX/TeXLive
)
Package xcolor Info: Driver file: pdftex.def on input line 225.
Package xcolor Info: Model `cmy' substituted by `cmy0' on input line 1337.
Package xcolor Info: Model `hsb' substituted by `rgb' on input line 1341.
Package xcolor Info: Model `RGB' extended on input line 1353.
Package xcolor Info: Model `HTML' substituted by `rgb' on input line 1355.
Package xcolor Info: Model `Hsb' substituted by `hsb' on input line 1356.
Package xcolor Info: Model `tHsb' substituted by `hsb' on input line 1357.
Package xcolor Info: Model `HSB' substituted by `hsb' on input line 1358.
Package xcolor Info: Model `Gray' substituted by `gray' on input line 1359.
Package xcolor Info: Model `wave' substituted by `hsb' on input line 1360.
)
(/usr/local/texlive/2015/texmf-dist/tex/generic/pgf/basiclayer/pgfcore.code.tex
Package: pgfcore 2010/04/11 v3.0.0 (rcs-revision 1.7)
(/usr/local/texlive/2015/texmf-dist/tex/generic/pgf/math/pgfmath.code.tex
(/usr/local/texlive/2015/texmf-dist/tex/generic/pgf/math/pgfmathcalc.code.tex
(/usr/local/texlive/2015/texmf-dist/tex/generic/pgf/math/pgfmathutil.code.tex)
(/usr/local/texlive/2015/texmf-dist/tex/generic/pgf/math/pgfmathparser.code.tex
\pgfmath@dimen=\dimen144
\pgfmath@count=\count119
\pgfmath@box=\box31
\pgfmath@toks=\toks35
\pgfmath@stack@operand=\toks36
\pgfmath@stack@operation=\toks37
)
(/usr/local/texlive/2015/texmf-dist/tex/generic/pgf/math/pgfmathfunctions.code.
tex
(/usr/local/texlive/2015/texmf-dist/tex/generic/pgf/math/pgfmathfunctions.basic
.code.tex)
(/usr/local/texlive/2015/texmf-dist/tex/generic/pgf/math/pgfmathfunctions.trigo
nometric.code.tex)
(/usr/local/texlive/2015/texmf-dist/tex/generic/pgf/math/pgfmathfunctions.rando
m.code.tex)
(/usr/local/texlive/2015/texmf-dist/tex/generic/pgf/math/pgfmathfunctions.compa
rison.code.tex)
(/usr/local/texlive/2015/texmf-dist/tex/generic/pgf/math/pgfmathfunctions.base.
code.tex)
(/usr/local/texlive/2015/texmf-dist/tex/generic/pgf/math/pgfmathfunctions.round
.code.tex)
(/usr/local/texlive/2015/texmf-dist/tex/generic/pgf/math/pgfmathfunctions.misc.
code.tex)
(/usr/local/texlive/2015/texmf-dist/tex/generic/pgf/math/pgfmathfunctions.integ
erarithmetics.code.tex)))
(/usr/local/texlive/2015/texmf-dist/tex/generic/pgf/math/pgfmathfloat.code.tex
\c@pgfmathroundto@lastzeros=\count120
))
(/usr/local/texlive/2015/texmf-dist/tex/generic/pgf/basiclayer/pgfcorepoints.co
de.tex
File: pgfcorepoints.code.tex 2013/10/07  (rcs-revision 1.27)
\pgf@picminx=\dimen145
\pgf@picmaxx=\dimen146
\pgf@picminy=\dimen147
\pgf@picmaxy=\dimen148
\pgf@pathminx=\dimen149
\pgf@pathmaxx=\dimen150
\pgf@pathminy=\dimen151
\pgf@pathmaxy=\dimen152
\pgf@xx=\dimen153
\pgf@xy=\dimen154
\pgf@yx=\dimen155
\pgf@yy=\dimen156
\pgf@zx=\dimen157
\pgf@zy=\dimen158
)
(/usr/local/texlive/2015/texmf-dist/tex/generic/pgf/basiclayer/pgfcorepathconst
ruct.code.tex
File: pgfcorepathconstruct.code.tex 2013/10/07  (rcs-revision 1.29)
\pgf@path@lastx=\dimen159
\pgf@path@lasty=\dimen160
)
(/usr/local/texlive/2015/texmf-dist/tex/generic/pgf/basiclayer/pgfcorepathusage
.code.tex
File: pgfcorepathusage.code.tex 2013/12/13  (rcs-revision 1.23)
\pgf@shorten@end@additional=\dimen161
\pgf@shorten@start@additional=\dimen162
)
(/usr/local/texlive/2015/texmf-dist/tex/generic/pgf/basiclayer/pgfcorescopes.co
de.tex
File: pgfcorescopes.code.tex 2013/10/09  (rcs-revision 1.44)
\pgfpic=\box32
\pgf@hbox=\box33
\pgf@layerbox@main=\box34
\pgf@picture@serial@count=\count121
)
(/usr/local/texlive/2015/texmf-dist/tex/generic/pgf/basiclayer/pgfcoregraphicst
ate.code.tex
File: pgfcoregraphicstate.code.tex 2013/09/19  (rcs-revision 1.11)
\pgflinewidth=\dimen163
)
(/usr/local/texlive/2015/texmf-dist/tex/generic/pgf/basiclayer/pgfcoretransform
ations.code.tex
File: pgfcoretransformations.code.tex 2013/10/10  (rcs-revision 1.17)
\pgf@pt@x=\dimen164
\pgf@pt@y=\dimen165
\pgf@pt@temp=\dimen166
)
(/usr/local/texlive/2015/texmf-dist/tex/generic/pgf/basiclayer/pgfcorequick.cod
e.tex
File: pgfcorequick.code.tex 2008/10/09  (rcs-revision 1.3)
)
(/usr/local/texlive/2015/texmf-dist/tex/generic/pgf/basiclayer/pgfcoreobjects.c
ode.tex
File: pgfcoreobjects.code.tex 2006/10/11  (rcs-revision 1.2)
)
(/usr/local/texlive/2015/texmf-dist/tex/generic/pgf/basiclayer/pgfcorepathproce
ssing.code.tex
File: pgfcorepathprocessing.code.tex 2013/09/09  (rcs-revision 1.9)
)
(/usr/local/texlive/2015/texmf-dist/tex/generic/pgf/basiclayer/pgfcorearrows.co
de.tex
File: pgfcorearrows.code.tex 2013/11/07  (rcs-revision 1.40)
\pgfarrowsep=\dimen167
)
(/usr/local/texlive/2015/texmf-dist/tex/generic/pgf/basiclayer/pgfcoreshade.cod
e.tex
File: pgfcoreshade.code.tex 2013/07/15  (rcs-revision 1.15)
\pgf@max=\dimen168
\pgf@sys@shading@range@num=\count122
)
(/usr/local/texlive/2015/texmf-dist/tex/generic/pgf/basiclayer/pgfcoreimage.cod
e.tex
File: pgfcoreimage.code.tex 2013/07/15  (rcs-revision 1.18)

(/usr/local/texlive/2015/texmf-dist/tex/generic/pgf/basiclayer/pgfcoreexternal.
code.tex
File: pgfcoreexternal.code.tex 2013/07/15  (rcs-revision 1.20)
\pgfexternal@startupbox=\box35
))
(/usr/local/texlive/2015/texmf-dist/tex/generic/pgf/basiclayer/pgfcorelayers.co
de.tex
File: pgfcorelayers.code.tex 2013/07/18  (rcs-revision 1.7)
)
(/usr/local/texlive/2015/texmf-dist/tex/generic/pgf/basiclayer/pgfcoretranspare
ncy.code.tex
File: pgfcoretransparency.code.tex 2013/09/30  (rcs-revision 1.5)
)
(/usr/local/texlive/2015/texmf-dist/tex/generic/pgf/basiclayer/pgfcorepatterns.
code.tex
File: pgfcorepatterns.code.tex 2013/11/07  (rcs-revision 1.5)
)))
(/usr/local/texlive/2015/texmf-dist/tex/generic/pgf/modules/pgfmoduleshapes.cod
e.tex
File: pgfmoduleshapes.code.tex 2013/10/31  (rcs-revision 1.34)
\pgfnodeparttextbox=\box36
)
(/usr/local/texlive/2015/texmf-dist/tex/generic/pgf/modules/pgfmoduleplot.code.
tex
File: pgfmoduleplot.code.tex 2013/07/31  (rcs-revision 1.12)
)
(/usr/local/texlive/2015/texmf-dist/tex/latex/pgf/compatibility/pgfcomp-version
-0-65.sty
Package: pgfcomp-version-0-65 2007/07/03 v3.0.0 (rcs-revision 1.7)
\pgf@nodesepstart=\dimen169
\pgf@nodesepend=\dimen170
)
(/usr/local/texlive/2015/texmf-dist/tex/latex/pgf/compatibility/pgfcomp-version
-1-18.sty
Package: pgfcomp-version-1-18 2007/07/23 v3.0.0 (rcs-revision 1.1)
))
(/usr/local/texlive/2015/texmf-dist/tex/latex/pgf/utilities/pgffor.sty
(/usr/local/texlive/2015/texmf-dist/tex/latex/pgf/utilities/pgfkeys.sty
(/usr/local/texlive/2015/texmf-dist/tex/generic/pgf/utilities/pgfkeys.code.tex)
) (/usr/local/texlive/2015/texmf-dist/tex/latex/pgf/math/pgfmath.sty
(/usr/local/texlive/2015/texmf-dist/tex/generic/pgf/math/pgfmath.code.tex))
(/usr/local/texlive/2015/texmf-dist/tex/generic/pgf/utilities/pgffor.code.tex
Package: pgffor 2013/12/13 v3.0.0 (rcs-revision 1.25)

(/usr/local/texlive/2015/texmf-dist/tex/generic/pgf/math/pgfmath.code.tex)
\pgffor@iter=\dimen171
\pgffor@skip=\dimen172
\pgffor@stack=\toks38
\pgffor@toks=\toks39
))
(/usr/local/texlive/2015/texmf-dist/tex/generic/pgf/frontendlayer/tikz/tikz.cod
e.tex
Package: tikz 2013/12/13 v3.0.0 (rcs-revision 1.142)

(/usr/local/texlive/2015/texmf-dist/tex/generic/pgf/libraries/pgflibraryplothan
dlers.code.tex
File: pgflibraryplothandlers.code.tex 2013/08/31 v3.0.0 (rcs-revision 1.20)
\pgf@plot@mark@count=\count123
\pgfplotmarksize=\dimen173
)
\tikz@lastx=\dimen174
\tikz@lasty=\dimen175
\tikz@lastxsaved=\dimen176
\tikz@lastysaved=\dimen177
\tikzleveldistance=\dimen178
\tikzsiblingdistance=\dimen179
\tikz@figbox=\box37
\tikz@figbox@bg=\box38
\tikz@tempbox=\box39
\tikz@tempbox@bg=\box40
\tikztreelevel=\count124
\tikznumberofchildren=\count125
\tikznumberofcurrentchild=\count126
\tikz@fig@count=\count127

(/usr/local/texlive/2015/texmf-dist/tex/generic/pgf/modules/pgfmodulematrix.cod
e.tex
File: pgfmodulematrix.code.tex 2013/09/17  (rcs-revision 1.8)
\pgfmatrixcurrentrow=\count128
\pgfmatrixcurrentcolumn=\count129
\pgf@matrix@numberofcolumns=\count130
)
\tikz@expandcount=\count131

(/usr/local/texlive/2015/texmf-dist/tex/generic/pgf/frontendlayer/tikz/librarie
s/tikzlibrarytopaths.code.tex
File: tikzlibrarytopaths.code.tex 2008/06/17 v3.0.0 (rcs-revision 1.2)
)))

Package hyperref Warning: Option `bookmarks' has already been used,
(hyperref)                setting the option has no effect on input line 22.

Package hyperref Info: Option `colorlinks' set `true' on input line 22.
(/usr/local/texlive/2015/texmf-dist/tex/latex/listings/listings.sty
\lst@mode=\count132
\lst@gtempboxa=\box41
\lst@token=\toks40
\lst@length=\count133
\lst@currlwidth=\dimen180
\lst@column=\count134
\lst@pos=\count135
\lst@lostspace=\dimen181
\lst@width=\dimen182
\lst@newlines=\count136
\lst@lineno=\count137
\lst@maxwidth=\dimen183

(/usr/local/texlive/2015/texmf-dist/tex/latex/listings/lstmisc.sty
File: lstmisc.sty 2014/09/06 1.5e (Carsten Heinz)
\c@lstnumber=\count138
\lst@skipnumbers=\count139
\lst@framebox=\box42
)
(/usr/local/texlive/2015/texmf-dist/tex/latex/listings/listings.cfg
File: listings.cfg 2014/09/06 1.5e listings configuration
))
Package: listings 2014/09/06 1.5e (Carsten Heinz)
\c@dfn=\count140
\c@prop=\count141
\c@lma=\count142
\c@thm=\count143
\c@cor=\count144

(./thesis.aux)
\openout1 = `thesis.aux'.

LaTeX Font Info:    Checking defaults for OML/cmm/m/it on input line 90.
LaTeX Font Info:    ... okay on input line 90.
LaTeX Font Info:    Checking defaults for T1/cmr/m/n on input line 90.
LaTeX Font Info:    ... okay on input line 90.
LaTeX Font Info:    Checking defaults for OT1/cmr/m/n on input line 90.
LaTeX Font Info:    ... okay on input line 90.
LaTeX Font Info:    Checking defaults for OMS/cmsy/m/n on input line 90.
LaTeX Font Info:    ... okay on input line 90.
LaTeX Font Info:    Checking defaults for OMX/cmex/m/n on input line 90.
LaTeX Font Info:    ... okay on input line 90.
LaTeX Font Info:    Checking defaults for U/cmr/m/n on input line 90.
LaTeX Font Info:    ... okay on input line 90.
LaTeX Font Info:    Checking defaults for PD1/pdf/m/n on input line 90.
LaTeX Font Info:    ... okay on input line 90.

*geometry* driver: auto-detecting
*geometry* detected driver: pdftex
*geometry* verbose mode - [ preamble ] result:
* driver: pdftex
* paper: <default>
* layout: <same size as paper>
* layoutoffset:(h,v)=(0.0pt,0.0pt)
* modes: 
* h-part:(L,W,R)=(72.26999pt, 469.75502pt, 72.26999pt)
* v-part:(T,H,B)=(72.26999pt, 650.43001pt, 72.26999pt)
* \paperwidth=614.295pt
* \paperheight=794.96999pt
* \textwidth=469.75502pt
* \textheight=650.43001pt
* \oddsidemargin=0.0pt
* \evensidemargin=0.0pt
* \topmargin=-37.0pt
* \headheight=12.0pt
* \headsep=25.0pt
* \topskip=12.0pt
* \footskip=30.0pt
* \marginparwidth=44.0pt
* \marginparsep=10.0pt
* \columnsep=10.0pt
* \skip\footins=10.8pt plus 4.0pt minus 2.0pt
* \hoffset=0.0pt
* \voffset=0.0pt
* \mag=1000
* \@twocolumnfalse
* \@twosidefalse
* \@mparswitchfalse
* \@reversemarginfalse
* (1in=72.27pt=25.4mm, 1cm=28.453pt)

(/usr/local/texlive/2015/texmf-dist/tex/context/base/supp-pdf.mkii
[Loading MPS to PDF converter (version 2006.09.02).]
\scratchcounter=\count145
\scratchdimen=\dimen184
\scratchbox=\box43
\nofMPsegments=\count146
\nofMParguments=\count147
\everyMPshowfont=\toks41
\MPscratchCnt=\count148
\MPscratchDim=\dimen185
\MPnumerator=\count149
\makeMPintoPDFobject=\count150
\everyMPtoPDFconversion=\toks42
) (/usr/local/texlive/2015/texmf-dist/tex/latex/oberdiek/epstopdf-base.sty
Package: epstopdf-base 2010/02/09 v2.5 Base part for package epstopdf

(/usr/local/texlive/2015/texmf-dist/tex/latex/oberdiek/grfext.sty
Package: grfext 2010/08/19 v1.1 Manage graphics extensions (HO)
)
Package grfext Info: Graphics extension search list:
(grfext)             [.png,.pdf,.jpg,.mps,.jpeg,.jbig2,.jb2,.PNG,.PDF,.JPG,.JPE
G,.JBIG2,.JB2,.eps]
(grfext)             \AppendGraphicsExtensions on input line 452.

(/usr/local/texlive/2015/texmf-dist/tex/latex/latexconfig/epstopdf-sys.cfg
File: epstopdf-sys.cfg 2010/07/13 v1.3 Configuration of (r)epstopdf for TeX Liv
e
))
\AtBeginShipoutBox=\box44
Package hyperref Info: Link coloring ON on input line 90.

(/usr/local/texlive/2015/texmf-dist/tex/latex/hyperref/nameref.sty
Package: nameref 2012/10/27 v2.43 Cross-referencing by name of section

(/usr/local/texlive/2015/texmf-dist/tex/generic/oberdiek/gettitlestring.sty
Package: gettitlestring 2010/12/03 v1.4 Cleanup title references (HO)
)
\c@section@level=\count151
)
LaTeX Info: Redefining \ref on input line 90.
LaTeX Info: Redefining \pageref on input line 90.
LaTeX Info: Redefining \nameref on input line 90.

(./thesis.out) (./thesis.out)
\@outlinefile=\write4
\openout4 = `thesis.out'.

 ABD: EveryShipout initializing macros
\c@lstlisting=\count152
 [1

{/usr/local/texlive/2015/texmf-var/fonts/map/pdftex/updmap/pdftex.map}] (./thes
is.toc
LaTeX Font Info:    Try loading font information for U+msa on input line 1.

(/usr/local/texlive/2015/texmf-dist/tex/latex/amsfonts/umsa.fd
File: umsa.fd 2013/01/14 v3.01 AMS symbols A
)
LaTeX Font Info:    Try loading font information for U+msb on input line 1.

(/usr/local/texlive/2015/texmf-dist/tex/latex/amsfonts/umsb.fd
File: umsb.fd 2013/01/14 v3.01 AMS symbols B
))
\tf@toc=\write5
\openout5 = `thesis.toc'.

 [2] [3]
[4] [5] (./chapters/intro.texpdfTeX warning (ext4): destination with the same i
dentifier (name{page.1}) has been already used, duplicate ignored
<to be read again> 
                   \relax 
l.15 
      [1]
Missing character: There is no â in font cmr12!
Missing character: There is no € in font cmr12!
Missing character: There is no ™ in font cmr12!
Missing character: There is no â in font cmr12!
Missing character: There is no € in font cmr12!
Missing character: There is no ™ in font cmr12!
Missing character: There is no â in font cmr12!
Missing character: There is no € in font cmr12!
Missing character: There is no ™ in font cmr12!
) [2] (./chapters/methods.tex [3]
<./images/lorenz/individual_lorenz_series.pdf, id=222, 685.73346pt x 480.08391p
t>
File: ./images/lorenz/individual_lorenz_series.pdf Graphic file (type pdf)
 <use ./images/lorenz/individual_lorenz_series.pdf>
Package pdftex.def Info: ./images/lorenz/individual_lorenz_series.pdf used on i
nput line 17.
(pdftex.def)             Requested size: 289.07999pt x 202.38838pt.

<./images/lorenz/lorenz_diff.pdf, id=223, 685.608pt x 480.08391pt>
File: ./images/lorenz/lorenz_diff.pdf Graphic file (type pdf)

<use ./images/lorenz/lorenz_diff.pdf>
Package pdftex.def Info: ./images/lorenz/lorenz_diff.pdf used on input line 25.

(pdftex.def)             Requested size: 289.07999pt x 202.42502pt.
 [4] [5 <./images/lorenz/individual_lorenz_series.pdf> <./images/lorenz/lorenz_
diff.pdf

pdfTeX warning: /usr/texbin/pdflatex (file ./images/lorenz/lorenz_diff.pdf): PD
F inclusion: multiple pdfs with page group included in a single page
>] <./images/lorenz/lorenz_butterfly.pdf, id=283, 751.60799pt x 516.73048pt>
File: ./images/lorenz/lorenz_butterfly.pdf Graphic file (type pdf)

<use ./images/lorenz/lorenz_butterfly.pdf>
Package pdftex.def Info: ./images/lorenz/lorenz_butterfly.pdf used on input lin
e 34.
(pdftex.def)             Requested size: 289.07999pt x 198.74078pt.
 [6 <./images/lorenz/lorenz_butterfly.pdf>]
<./images/lorenz/embedded_lorenz_x.pdf, id=314, 751.60799pt x 516.73048pt>
File: ./images/lorenz/embedded_lorenz_x.pdf Graphic file (type pdf)

<use ./images/lorenz/embedded_lorenz_x.pdf>
Package pdftex.def Info: ./images/lorenz/embedded_lorenz_x.pdf used on input li
ne 50.
(pdftex.def)             Requested size: 289.07999pt x 198.74078pt.
 [7 <./images/lorenz/embedded_lorenz_x.pdf>]
<./images/lorenz/forecasted_lorenz_x.pdf, id=357, 676.90427pt x 475.36488pt>
File: ./images/lorenz/forecasted_lorenz_x.pdf Graphic file (type pdf)

<use ./images/lorenz/forecasted_lorenz_x.pdf>
Package pdftex.def Info: ./images/lorenz/forecasted_lorenz_x.pdf used on input 
line 68.
(pdftex.def)             Requested size: 289.07999pt x 203.01749pt.
 [8 <./images/lorenz/forecasted_lorenz_x.pdf>]
<./images/lorenz/embedded_lorenz_x_noise.pdf, id=408, 751.60799pt x 516.73048pt
>
File: ./images/lorenz/embedded_lorenz_x_noise.pdf Graphic file (type pdf)
 <use ./images/lorenz/embedded_lorenz_x_noise.pdf>
Package pdftex.def Info: ./images/lorenz/embedded_lorenz_x_noise.pdf used on in
put line 86.
(pdftex.def)             Requested size: 289.07999pt x 198.74078pt.

<./images/lorenz/lorenz_contours.pdf, id=409, 676.90427pt x 486.6806pt>
File: ./images/lorenz/lorenz_contours.pdf Graphic file (type pdf)

<use ./images/lorenz/lorenz_contours.pdf>
Package pdftex.def Info: ./images/lorenz/lorenz_contours.pdf used on input line
 93.
(pdftex.def)             Requested size: 289.07999pt x 207.85019pt.
 [9 <./images/lorenz/embedded_lorenz_x_noise.pdf>] [10 <./images/lorenz/lorenz_
contours.pdf>]
<./images/lorenz/lorenz_bar_plot.pdf, id=493, 661.87088pt x 480.08391pt>
File: ./images/lorenz/lorenz_bar_plot.pdf Graphic file (type pdf)

<use ./images/lorenz/lorenz_bar_plot.pdf>
Package pdftex.def Info: ./images/lorenz/lorenz_bar_plot.pdf used on input line
 109.
(pdftex.def)             Requested size: 289.07999pt x 209.68457pt.
) (./chapters/methods_1D.tex [11 <./images/lorenz/lorenz_bar_plot.pdf>]
<./images/1d/logistic_noise.pdf, id=523, 923.19907pt x 492.38014pt>
File: ./images/1d/logistic_noise.pdf Graphic file (type pdf)

<use ./images/1d/logistic_noise.pdf>
Package pdftex.def Info: ./images/1d/logistic_noise.pdf used on input line 14.
(pdftex.def)             Requested size: 289.07999pt x 154.17644pt.

<./images/1d/periodic_noise.pdf, id=525, 923.19907pt x 492.38014pt>
File: ./images/1d/periodic_noise.pdf Graphic file (type pdf)

<use ./images/1d/periodic_noise.pdf>
Package pdftex.def Info: ./images/1d/periodic_noise.pdf used on input line 27.
(pdftex.def)             Requested size: 289.07999pt x 154.17644pt.

<./images/1d/chaotic_contours.pdf, id=528, 676.90427pt x 486.6806pt>
File: ./images/1d/chaotic_contours.pdf Graphic file (type pdf)

<use ./images/1d/chaotic_contours.pdf>
Package pdftex.def Info: ./images/1d/chaotic_contours.pdf used on input line 38
.
(pdftex.def)             Requested size: 289.07999pt x 207.85019pt.

<./images/1d/periodic_contours.pdf, id=529, 676.90427pt x 486.6806pt>
File: ./images/1d/periodic_contours.pdf Graphic file (type pdf)

<use ./images/1d/periodic_contours.pdf>
Package pdftex.def Info: ./images/1d/periodic_contours.pdf used on input line 4
7.
(pdftex.def)             Requested size: 289.07999pt x 207.85019pt.
 [12 <./images/1d/logistic_noise.pdf>]
[13 <./images/1d/periodic_noise.pdf> <./images/1d/chaotic_contours.pdf

pdfTeX warning: /usr/texbin/pdflatex (file ./images/1d/chaotic_contours.pdf): P
DF inclusion: multiple pdfs with page group included in a single page
>]
<./images/1d/periodic_and_chaos_embedded.pdf, id=626, 896.68282pt x 407.26186pt
>
File: ./images/1d/periodic_and_chaos_embedded.pdf Graphic file (type pdf)
 <use ./images/1d/periodic_and_chaos_embedded.pdf>
Package pdftex.def Info: ./images/1d/periodic_and_chaos_embedded.pdf used on in
put line 58.
(pdftex.def)             Requested size: 289.07999pt x 131.29588pt.

<./images/1d/chaotic_bar_plot.pdf, id=629, 661.87088pt x 480.08391pt>
File: ./images/1d/chaotic_bar_plot.pdf Graphic file (type pdf)

<use ./images/1d/chaotic_bar_plot.pdf>
Package pdftex.def Info: ./images/1d/chaotic_bar_plot.pdf used on input line 70
.
(pdftex.def)             Requested size: 289.07999pt x 209.68457pt.

<./images/1d/periodic_bar_plot.pdf, id=630, 670.59096pt x 480.08391pt>
File: ./images/1d/periodic_bar_plot.pdf Graphic file (type pdf)

<use ./images/1d/periodic_bar_plot.pdf>
Package pdftex.def Info: ./images/1d/periodic_bar_plot.pdf used on input line 7
7.
(pdftex.def)             Requested size: 289.07999pt x 206.95949pt.
 [14 <./images/1d/periodic_contours.pdf>] [15 <./images/1d/periodic_and_chaos_e
mbedded.pdf> <./images/1d/chaotic_bar_plot.pdf

pdfTeX warning: /usr/texbin/pdflatex (file ./images/1d/chaotic_bar_plot.pdf): P
DF inclusion: multiple pdfs with page group included in a single page
>]) (./chapters/methods_2D.tex [16 <./images/1d/periodic_bar_plot.pdf>]
<./images/2d/2d_method.png, id=756, 1121.18875pt x 834.11626pt>
File: ./images/2d/2d_method.png Graphic file (type png)

<use ./images/2d/2d_method.png>
Package pdftex.def Info: ./images/2d/2d_method.png used on input line 11.
(pdftex.def)             Requested size: 289.07999pt x 215.0578pt.
 [17 <./images/2d/2d_method.png>]
<./images/2d/chaosNoiseLevels.pdf, id=768, 643.64935pt x 666.26883pt>
File: ./images/2d/chaosNoiseLevels.pdf Graphic file (type pdf)

<use ./images/2d/chaosNoiseLevels.pdf>
Package pdftex.def Info: ./images/2d/chaosNoiseLevels.pdf used on input line 26
.
(pdftex.def)             Requested size: 289.07999pt x 299.24889pt.

<./images/2d/periodic_noise.pdf, id=769, 643.64935pt x 666.26883pt>
File: ./images/2d/periodic_noise.pdf Graphic file (type pdf)

<use ./images/2d/periodic_noise.pdf>
Package pdftex.def Info: ./images/2d/periodic_noise.pdf used on input line 33.
(pdftex.def)             Requested size: 289.07999pt x 299.24889pt.

<./images/2d/chaos_noise_contours.pdf, id=772, 676.90427pt x 486.6806pt>
File: ./images/2d/chaos_noise_contours.pdf Graphic file (type pdf)

<use ./images/2d/chaos_noise_contours.pdf>
Package pdftex.def Info: ./images/2d/chaos_noise_contours.pdf used on input lin
e 44.
(pdftex.def)             Requested size: 289.07999pt x 207.85019pt.

<./images/2d/periodic_noise_contours.pdf, id=773, 676.90427pt x 486.6806pt>
File: ./images/2d/periodic_noise_contours.pdf Graphic file (type pdf)

<use ./images/2d/periodic_noise_contours.pdf>
Package pdftex.def Info: ./images/2d/periodic_noise_contours.pdf used on input 
line 51.
(pdftex.def)             Requested size: 289.07999pt x 207.85019pt.
 [18 <./images/2d/chaosNoiseLevels.pdf>] [19 <./images/2d/periodic_noise.pdf> <
./images/2d/chaos_noise_contours.pdf

pdfTeX warning: /usr/texbin/pdflatex (file ./images/2d/chaos_noise_contours.pdf
): PDF inclusion: multiple pdfs with page group included in a single page
>] <./images/2d/chaotic_bar_plot.pdf, id=909, 661.87088pt x 480.08391pt>
File: ./images/2d/chaotic_bar_plot.pdf Graphic file (type pdf)

<use ./images/2d/chaotic_bar_plot.pdf>
Package pdftex.def Info: ./images/2d/chaotic_bar_plot.pdf used on input line 62
.
(pdftex.def)             Requested size: 289.07999pt x 209.68457pt.

<./images/2d/periodic_bar_plot.pdf, id=910, 670.59096pt x 480.08391pt>
File: ./images/2d/periodic_bar_plot.pdf Graphic file (type pdf)

<use ./images/2d/periodic_bar_plot.pdf>
Package pdftex.def Info: ./images/2d/periodic_bar_plot.pdf used on input line 6
9.
(pdftex.def)             Requested size: 289.07999pt x 206.95949pt.
 [20 <./images/2d/periodic_noise_contours.pdf>] [21 <./images/2d/chaotic_bar_pl
ot.pdf> <./images/2d/periodic_bar_plot.pdf

pdfTeX warning: /usr/texbin/pdflatex (file ./images/2d/periodic_bar_plot.pdf): 
PDF inclusion: multiple pdfs with page group included in a single page
>] <./images/2d/discrete_spaces.png, id=1005, 1175.39125pt x 583.17876pt>
File: ./images/2d/discrete_spaces.png Graphic file (type png)

<use ./images/2d/discrete_spaces.png>
Package pdftex.def Info: ./images/2d/discrete_spaces.png used on input line 89.

(pdftex.def)             Requested size: 289.07999pt x 143.4273pt.

<./images/2d/discrete_contours.pdf, id=1007, 1262.79776pt x 630.67621pt>
File: ./images/2d/discrete_contours.pdf Graphic file (type pdf)

<use ./images/2d/discrete_contours.pdf>
Package pdftex.def Info: ./images/2d/discrete_contours.pdf used on input line 1
02.
(pdftex.def)             Requested size: 289.07999pt x 144.36922pt.
 [22 <./images/2d/discrete_spaces.png>]) (./chapters/data_collection.tex [23 <.
/images/2d/discrete_contours.pdf>]
<./images/beach/camera_overview.pdf, id=1036, 794.97pt x 614.295pt>
File: ./images/beach/camera_overview.pdf Graphic file (type pdf)

<use ./images/beach/camera_overview.pdf>
Package pdftex.def Info: ./images/beach/camera_overview.pdf used on input line 
14.
(pdftex.def)             Requested size: 280.57268pt x 216.81pt.

<./images/beach/classification_overview.pdf, id=1037, 794.97pt x 614.295pt>
File: ./images/beach/classification_overview.pdf Graphic file (type pdf)

<use ./images/beach/classification_overview.pdf>
Package pdftex.def Info: ./images/beach/classification_overview.pdf used on inp
ut line 21.
(pdftex.def)             Requested size: 280.57268pt x 216.81pt.
Missing character: There is no â in font cmr12!
Missing character: There is no € in font cmr12!
Missing character: There is no ™ in font cmr12!
Missing character: There is no â in font cmr12!
Missing character: There is no € in font cmr12!
Missing character: There is no ™ in font cmr12!

<./images/beach/raw_beach.pdf, id=1040, 770.51486pt x 304.34819pt>
File: ./images/beach/raw_beach.pdf Graphic file (type pdf)

<use ./images/beach/raw_beach.pdf>
Package pdftex.def Info: ./images/beach/raw_beach.pdf used on input line 33.
(pdftex.def)             Requested size: 361.34999pt x 142.73251pt.
 [24] [25 <./images/beach/camera_overview.pdf> <./images/beach/classification_o
verview.pdf>]
<./images/coral/FR3_raw.jpg, id=1079, 1542.9645pt x 973.236pt>
File: ./images/coral/FR3_raw.jpg Graphic file (type jpg)

<use ./images/coral/FR3_raw.jpg>
Package pdftex.def Info: ./images/coral/FR3_raw.jpg used on input line 49.
(pdftex.def)             Requested size: 361.34999pt x 227.92342pt.

<./images/coral/FR3_class.jpg, id=1080, 1542.9645pt x 973.236pt>
File: ./images/coral/FR3_class.jpg Graphic file (type jpg)

<use ./images/coral/FR3_class.jpg>
Package pdftex.def Info: ./images/coral/FR3_class.jpg used on input line 56.
(pdftex.def)             Requested size: 361.34999pt x 227.92342pt.

<./images/coral/coral_zones_all.pdf, id=1084, 1163.78539pt x 1183.15463pt>
File: ./images/coral/coral_zones_all.pdf Graphic file (type pdf)

<use ./images/coral/coral_zones_all.pdf>
Package pdftex.def Info: ./images/coral/coral_zones_all.pdf used on input line 
86.
(pdftex.def)             Requested size: 433.62pt x 440.82945pt.
)
(./chapters/deterministic_analysis.tex [26 <./images/beach/raw_beach.pdf>]
[27 <./images/coral/FR3_raw.jpg> <./images/coral/FR3_class.jpg>] [28 <./images/
coral/coral_zones_all.pdf>]
<./images/beach/beach_contour_raw.pdf, id=1241, 948.22064pt x 412.56227pt>
File: ./images/beach/beach_contour_raw.pdf Graphic file (type pdf)

<use ./images/beach/beach_contour_raw.pdf>
Package pdftex.def Info: ./images/beach/beach_contour_raw.pdf used on input lin
e 13.
(pdftex.def)             Requested size: 332.21497pt x 144.54pt.

<./images/coral/coral_contours.pdf, id=1243, 676.90427pt x 486.6806pt>
File: ./images/coral/coral_contours.pdf Graphic file (type pdf)

<use ./images/coral/coral_contours.pdf>
Package pdftex.def Info: ./images/coral/coral_contours.pdf used on input line 5
0.
(pdftex.def)             Requested size: 361.34999pt x 259.81087pt.
 [29 <./images/beach/beach_contour_raw.pdf>] <./images/coral/bar_plot_coral.pdf
, id=1284, 661.87088pt x 480.08391pt>
File: ./images/coral/bar_plot_coral.pdf Graphic file (type pdf)

<use ./images/coral/bar_plot_coral.pdf>
Package pdftex.def Info: ./images/coral/bar_plot_coral.pdf used on input line 5
9.
(pdftex.def)             Requested size: 361.34999pt x 262.11304pt.
 [30 <./images/coral/coral_contours.pdf>]) (./chapters/conclusion.tex [31 <./im
ages/coral/bar_plot_coral.pdf>] [32])
[33] (./chapters/code.tex [34]
(/usr/local/texlive/2015/texmf-dist/tex/latex/listings/lstlang1.sty
File: lstlang1.sty 2014/09/06 1.5e listings language file
)
Package hyperref Info: bookmark level for unknown lstlisting defaults to 0 on i
nput line 25.

(./code_samples/mutual_information.py [35]
LaTeX Font Info:    Try loading font information for OML+cmr on input line 29.

(/usr/local/texlive/2015/texmf-dist/tex/latex/base/omlcmr.fd
File: omlcmr.fd 2014/09/29 v2.5h Standard LaTeX font definitions
)
LaTeX Font Info:    Font shape `OML/cmr/m/n' in size <10> not available
(Font)              Font shape `OML/cmm/m/it' tried instead on input line 29.
)
(./code_samples/spatial_mutual_info.py [36]
LaTeX Font Info:    Try loading font information for OMS+cmr on input line 20.

(/usr/local/texlive/2015/texmf-dist/tex/latex/base/omscmr.fd
File: omscmr.fd 2014/09/29 v2.5h Standard LaTeX font definitions
)
LaTeX Font Info:    Font shape `OMS/cmr/m/n' in size <10> not available
(Font)              Font shape `OMS/cmsy/m/n' tried instead on input line 20.
 [37])
(./code_samples/2d_split.py [38])
<./images/code/1d_reshape.pdf, id=1517, 830.2078pt x 125.92134pt>
File: ./images/code/1d_reshape.pdf Graphic file (type pdf)

<use ./images/code/1d_reshape.pdf>
Package pdftex.def Info: ./images/code/1d_reshape.pdf used on input line 54.
(pdftex.def)             Requested size: 216.81pt x 32.88287pt.
 [39 <./images/code/1d_reshape.pdf>]
(./code_samples/lag_reshape.py [40])
<./images/code/2d_reshape.pdf, id=1605, 541.93047pt x 534.79683pt>
File: ./images/code/2d_reshape.pdf Graphic file (type pdf)

<use ./images/code/2d_reshape.pdf>
Package pdftex.def Info: ./images/code/2d_reshape.pdf used on input line 89.
(pdftex.def)             Requested size: 216.81pt x 213.95573pt.
 [41 <./images/code/2d_reshape.pdf>]
(./code_samples/ft_reshape.py [42] [43]) [44] (./code_samples/nn_check.py
[45] [46]) [47] (./code_samples/nnclassification.py [48] [49])
(./code_samples/class_compare.py [50]) (./code_samples/deterministic_metric.py
[51]) (./code_samples/1d_example_lorenz_ts.py [52])
<./images/code/lorenz_ts.pdf, id=2041, 457.65793pt x 322.54533pt>
File: ./images/code/lorenz_ts.pdf Graphic file (type pdf)

<use ./images/code/lorenz_ts.pdf>
Package pdftex.def Info: ./images/code/lorenz_ts.pdf used on input line 173.
(pdftex.def)             Requested size: 216.81pt x 152.80212pt.
 (./code_samples/1d_example_mutual_info.py
[53 <./images/code/lorenz_ts.pdf>] [54])
<./images/code/lorenz_mutual_info.pdf, id=2122, 443.80931pt x 322.54533pt>
File: ./images/code/lorenz_mutual_info.pdf Graphic file (type pdf)

<use ./images/code/lorenz_mutual_info.pdf>
Package pdftex.def Info: ./images/code/lorenz_mutual_info.pdf used on input lin
e 185.
(pdftex.def)             Requested size: 216.81pt x 157.5712pt.
 (./code_samples/1d_example_split.py
[55 <./images/code/lorenz_mutual_info.pdf>])
(./code_samples/1d_example_find_embedding.py [56] [57] [58] [59])
<./images/code/lorenz_best_em.pdf, id=2322, 446.33437pt x 294.58148pt>
File: ./images/code/lorenz_best_em.pdf Graphic file (type pdf)

<use ./images/code/lorenz_best_em.pdf>
Package pdftex.def Info: ./images/code/lorenz_best_em.pdf used on input line 20
1.
(pdftex.def)             Requested size: 216.81pt x 143.09659pt.
 [60]
(./code_samples/1d_example_embedded_lorenz.py)
<./images/code/lorenz_embedded.pdf, id=2359, 420.75443pt x 294.58148pt>
File: ./images/code/lorenz_embedded.pdf Graphic file (type pdf)

<use ./images/code/lorenz_embedded.pdf>
Package pdftex.def Info: ./images/code/lorenz_embedded.pdf used on input line 2
13.
(pdftex.def)             Requested size: 216.81pt x 151.7943pt.

(./code_samples/1d_example_final_step.py [61 <./images/code/lorenz_best_em.pdf>
 <./images/code/lorenz_embedded.pdf

pdfTeX warning: /usr/texbin/pdflatex (file ./images/code/lorenz_embedded.pdf): 
PDF inclusion: multiple pdfs with page group included in a single page
>]) <./images/code/lorenz_contour.pdf, id=2418, 394.98178pt x 294.58148pt>
File: ./images/code/lorenz_contour.pdf Graphic file (type pdf)

<use ./images/code/lorenz_contour.pdf>
Package pdftex.def Info: ./images/code/lorenz_contour.pdf used on input line 22
7.
(pdftex.def)             Requested size: 216.81pt x 161.70116pt.
) [62 <./images/code/lorenz_contour.pdf>] (./thesis.bbl [63] [64] [65]) [66]
Package atveryend Info: Empty hook `BeforeClearDocument' on input line 277.
Package atveryend Info: Empty hook `AfterLastShipout' on input line 277.
 (./thesis.aux)
Package atveryend Info: Executing hook `AtVeryEndDocument' on input line 277.
Package atveryend Info: Executing hook `AtEndAfterFileList' on input line 277.
Package rerunfilecheck Info: File `thesis.out' has not changed.
(rerunfilecheck)             Checksum: C19DDB28E1B1322E7958986B7097DFAF;1689.
Package atveryend Info: Empty hook `AtVeryVeryEnd' on input line 277.
 ) 
Here is how much of TeX's memory you used:
 19231 strings out of 493089
 348990 string characters out of 6134842
 533531 words of memory out of 5000000
 21443 multiletter control sequences out of 15000+600000
 10331 words of font info for 41 fonts, out of 8000000 for 9000
 1141 hyphenation exceptions out of 8191
 55i,9n,54p,1478b,1877s stack positions out of 5000i,500n,10000p,200000b,80000s
</usr/local/texlive/2015/texmf-dist/fonts/type1/public/amsfonts/cm/cmex10.pfb
></usr/local/texlive/2015/texmf-dist/fonts/type1/public/amsfonts/cm/cmmi10.pfb>
</usr/local/texlive/2015/texmf-dist/fonts/type1/public/amsfonts/cm/cmmi12.pfb><
/usr/local/texlive/2015/texmf-dist/fonts/type1/public/amsfonts/cm/cmmi6.pfb></u
sr/local/texlive/2015/texmf-dist/fonts/type1/public/amsfonts/cm/cmmi8.pfb></usr
/local/texlive/2015/texmf-dist/fonts/type1/public/amsfonts/cm/cmr10.pfb></usr/l
ocal/texlive/2015/texmf-dist/fonts/type1/public/amsfonts/cm/cmr12.pfb></usr/loc
al/texlive/2015/texmf-dist/fonts/type1/public/amsfonts/cm/cmr6.pfb></usr/local/
texlive/2015/texmf-dist/fonts/type1/public/amsfonts/cm/cmr8.pfb></usr/local/tex
live/2015/texmf-dist/fonts/type1/public/amsfonts/cm/cmsy10.pfb></usr/local/texl
ive/2015/texmf-dist/fonts/type1/public/amsfonts/cm/cmsy6.pfb></usr/local/texliv
e/2015/texmf-dist/fonts/type1/public/amsfonts/cm/cmsy8.pfb></usr/local/texlive/
2015/texmf-dist/fonts/type1/public/amsfonts/cm/cmti12.pfb>
Output written on thesis.pdf (71 pages, 21921615 bytes).
PDF statistics:
 2681 PDF objects out of 2984 (max. 8388607)
 1867 compressed objects within 19 object streams
 835 named destinations out of 1000 (max. 500000)
 429 words of extra memory for PDF output out of 10000 (max. 10000000)

