\BOOKMARK [1][-]{section*.2}{ABSTRACT}{}% 1
\BOOKMARK [1][-]{section*.3}{ACKNOWLEDGMENTS}{}% 2
\BOOKMARK [1][-]{section.1}{INTRODUCTION}{}% 3
\BOOKMARK [1][-]{section.2}{METHODS}{}% 4
\BOOKMARK [2][-]{subsection.2.1}{THE LORENZ SYSTEM}{section.2}% 5
\BOOKMARK [2][-]{subsection.2.2}{RECONSTRUCTED STATE SPACE}{section.2}% 6
\BOOKMARK [2][-]{subsection.2.3}{FORECASTING}{section.2}% 7
\BOOKMARK [2][-]{subsection.2.4}{EVALUATING DETERMINISM}{section.2}% 8
\BOOKMARK [2][-]{subsection.2.5}{ONE DIMENSIONAL SYSTEMS}{section.2}% 9
\BOOKMARK [2][-]{subsection.2.6}{TWO-DIMENSIONAL SYSTEMS}{section.2}% 10
\BOOKMARK [2][-]{subsection.2.7}{DISCRETE SPACES}{section.2}% 11
\BOOKMARK [1][-]{section.3}{DATA COLLECTION}{}% 12
\BOOKMARK [2][-]{subsection.3.1}{COASTAL ZONES}{section.3}% 13
\BOOKMARK [2][-]{subsection.3.2}{CORAL REEFS}{section.3}% 14
\BOOKMARK [1][-]{section.4}{DETERMINISTIC ANALYSIS}{}% 15
\BOOKMARK [2][-]{subsection.4.1}{COASTAL ANALYSIS}{section.4}% 16
\BOOKMARK [2][-]{subsection.4.2}{CORAL ANALYSIS}{section.4}% 17
\BOOKMARK [1][-]{section.5}{CONCLUSION}{}% 18
\BOOKMARK [1][-]{section*.4}{APPENDIX}{}% 19
\BOOKMARK [1][-]{appendix.A}{IMPLEMENTATION OF THE NON-LINEAR FORECASTING TECHNIQUE}{}% 20
\BOOKMARK [2][-]{subsection.A.1}{LAG VALUE CALCULATION}{appendix.A}% 21
\BOOKMARK [2][-]{subsection.A.2}{TRAINING AND TESTING SETS}{appendix.A}% 22
\BOOKMARK [2][-]{subsection.A.3}{EMBEDDING}{appendix.A}% 23
\BOOKMARK [2][-]{subsection.A.4}{K-NEAREST NEIGHBOR ALGORITHM}{appendix.A}% 24
\BOOKMARK [2][-]{subsection.A.5}{DETERMINISTIC METRIC}{appendix.A}% 25
\BOOKMARK [2][-]{subsection.A.6}{EXAMPLE: ONE-DIMENSIONAL}{appendix.A}% 26
\BOOKMARK [1][-]{figure.40}{REFERENCES}{}% 27
